{"D:\\CCodingPractice\\task-manager-api\\app.js": {"path":"D:\\CCodingPractice\\task-manager-api\\app.js","statementMap":{"0":{"start":{"line":1,"column":16},"end":{"line":1,"column":34}},"1":{"start":{"line":2,"column":12},"end":{"line":2,"column":21}},"2":{"start":{"line":4,"column":0},"end":{"line":4,"column":24}},"3":{"start":{"line":5,"column":19},"end":{"line":5,"column":43}},"4":{"start":{"line":6,"column":0},"end":{"line":6,"column":34}},"5":{"start":{"line":8,"column":0},"end":{"line":8,"column":21}}},"fnMap":{},"branchMap":{},"s":{"0":1,"1":1,"2":1,"3":1,"4":1,"5":1},"f":{},"b":{},"_coverageSchema":"1a1c01bbd47fc00a2c39e90264f33305004495a9","hash":"4ff6bdb91bc300f4da850931427f05933eb4db7c"}
,"D:\\CCodingPractice\\task-manager-api\\controllers\\taskController.js": {"path":"D:\\CCodingPractice\\task-manager-api\\controllers\\taskController.js","statementMap":{"0":{"start":{"line":1,"column":13},"end":{"line":1,"column":38}},"1":{"start":{"line":4,"column":0},"end":{"line":11,"column":2}},"2":{"start":{"line":5,"column":2},"end":{"line":10,"column":3}},"3":{"start":{"line":6,"column":18},"end":{"line":6,"column":35}},"4":{"start":{"line":7,"column":4},"end":{"line":7,"column":32}},"5":{"start":{"line":9,"column":4},"end":{"line":9,"column":51}},"6":{"start":{"line":14,"column":0},"end":{"line":22,"column":2}},"7":{"start":{"line":15,"column":2},"end":{"line":21,"column":3}},"8":{"start":{"line":16,"column":17},"end":{"line":16,"column":51}},"9":{"start":{"line":17,"column":4},"end":{"line":17,"column":74}},"10":{"start":{"line":17,"column":15},"end":{"line":17,"column":74}},"11":{"start":{"line":18,"column":4},"end":{"line":18,"column":31}},"12":{"start":{"line":20,"column":4},"end":{"line":20,"column":51}},"13":{"start":{"line":25,"column":0},"end":{"line":33,"column":2}},"14":{"start":{"line":26,"column":2},"end":{"line":32,"column":3}},"15":{"start":{"line":27,"column":20},"end":{"line":27,"column":38}},"16":{"start":{"line":28,"column":4},"end":{"line":28,"column":25}},"17":{"start":{"line":29,"column":4},"end":{"line":29,"column":34}},"18":{"start":{"line":31,"column":4},"end":{"line":31,"column":51}},"19":{"start":{"line":36,"column":0},"end":{"line":44,"column":2}},"20":{"start":{"line":37,"column":2},"end":{"line":43,"column":3}},"21":{"start":{"line":38,"column":24},"end":{"line":38,"column":92}},"22":{"start":{"line":39,"column":4},"end":{"line":39,"column":81}},"23":{"start":{"line":39,"column":22},"end":{"line":39,"column":81}},"24":{"start":{"line":40,"column":4},"end":{"line":40,"column":38}},"25":{"start":{"line":42,"column":4},"end":{"line":42,"column":51}},"26":{"start":{"line":47,"column":0},"end":{"line":55,"column":2}},"27":{"start":{"line":48,"column":2},"end":{"line":54,"column":3}},"28":{"start":{"line":49,"column":24},"end":{"line":49,"column":67}},"29":{"start":{"line":50,"column":4},"end":{"line":50,"column":81}},"30":{"start":{"line":50,"column":22},"end":{"line":50,"column":81}},"31":{"start":{"line":51,"column":4},"end":{"line":51,"column":67}},"32":{"start":{"line":53,"column":4},"end":{"line":53,"column":51}}},"fnMap":{"0":{"name":"(anonymous_0)","decl":{"start":{"line":4,"column":19},"end":{"line":4,"column":20}},"loc":{"start":{"line":4,"column":39},"end":{"line":11,"column":1}},"line":4},"1":{"name":"(anonymous_1)","decl":{"start":{"line":14,"column":22},"end":{"line":14,"column":23}},"loc":{"start":{"line":14,"column":42},"end":{"line":22,"column":1}},"line":14},"2":{"name":"(anonymous_2)","decl":{"start":{"line":25,"column":21},"end":{"line":25,"column":22}},"loc":{"start":{"line":25,"column":41},"end":{"line":33,"column":1}},"line":25},"3":{"name":"(anonymous_3)","decl":{"start":{"line":36,"column":21},"end":{"line":36,"column":22}},"loc":{"start":{"line":36,"column":41},"end":{"line":44,"column":1}},"line":36},"4":{"name":"(anonymous_4)","decl":{"start":{"line":47,"column":21},"end":{"line":47,"column":22}},"loc":{"start":{"line":47,"column":41},"end":{"line":55,"column":1}},"line":47}},"branchMap":{"0":{"loc":{"start":{"line":17,"column":4},"end":{"line":17,"column":74}},"type":"if","locations":[{"start":{"line":17,"column":4},"end":{"line":17,"column":74}},{"start":{},"end":{}}],"line":17},"1":{"loc":{"start":{"line":39,"column":4},"end":{"line":39,"column":81}},"type":"if","locations":[{"start":{"line":39,"column":4},"end":{"line":39,"column":81}},{"start":{},"end":{}}],"line":39},"2":{"loc":{"start":{"line":50,"column":4},"end":{"line":50,"column":81}},"type":"if","locations":[{"start":{"line":50,"column":4},"end":{"line":50,"column":81}},{"start":{},"end":{}}],"line":50}},"s":{"0":2,"1":2,"2":3,"3":3,"4":2,"5":1,"6":2,"7":4,"8":4,"9":3,"10":1,"11":2,"12":1,"13":2,"14":3,"15":3,"16":3,"17":2,"18":1,"19":2,"20":3,"21":3,"22":2,"23":0,"24":2,"25":1,"26":2,"27":4,"28":4,"29":3,"30":1,"31":2,"32":1},"f":{"0":3,"1":4,"2":3,"3":3,"4":4},"b":{"0":[1,2],"1":[0,2],"2":[1,2]},"_coverageSchema":"1a1c01bbd47fc00a2c39e90264f33305004495a9","hash":"b949d14201ab965d71cabe2e433f813953c2774e"}
,"D:\\CCodingPractice\\task-manager-api\\models\\Task.js": {"path":"D:\\CCodingPractice\\task-manager-api\\models\\Task.js","statementMap":{"0":{"start":{"line":1,"column":17},"end":{"line":1,"column":36}},"1":{"start":{"line":3,"column":19},"end":{"line":12,"column":24}},"2":{"start":{"line":14,"column":0},"end":{"line":14,"column":52}}},"fnMap":{},"branchMap":{},"s":{"0":2,"1":2,"2":2},"f":{},"b":{},"_coverageSchema":"1a1c01bbd47fc00a2c39e90264f33305004495a9","hash":"c7137badb1c2514e0fd437079cb417d7c5d15dc8"}
,"D:\\CCodingPractice\\task-manager-api\\routes\\task.js": {"path":"D:\\CCodingPractice\\task-manager-api\\routes\\task.js","statementMap":{"0":{"start":{"line":1,"column":16},"end":{"line":1,"column":34}},"1":{"start":{"line":2,"column":15},"end":{"line":2,"column":31}},"2":{"start":{"line":3,"column":23},"end":{"line":3,"column":63}},"3":{"start":{"line":5,"column":0},"end":{"line":5,"column":41}},"4":{"start":{"line":6,"column":0},"end":{"line":6,"column":47}},"5":{"start":{"line":7,"column":0},"end":{"line":7,"column":44}},"6":{"start":{"line":8,"column":0},"end":{"line":8,"column":46}},"7":{"start":{"line":9,"column":0},"end":{"line":9,"column":49}},"8":{"start":{"line":11,"column":0},"end":{"line":11,"column":24}}},"fnMap":{},"branchMap":{},"s":{"0":1,"1":1,"2":1,"3":1,"4":1,"5":1,"6":1,"7":1,"8":1},"f":{},"b":{},"_coverageSchema":"1a1c01bbd47fc00a2c39e90264f33305004495a9","hash":"2fea386ba53bb6f9b638a5929194f78aff9e61f7"}
}
