TN:
SF:app.js
FNF:0
FNH:0
DA:1,1
DA:2,1
DA:4,1
DA:5,1
DA:6,1
DA:8,1
LF:6
LH:6
BRF:0
BRH:0
end_of_record
TN:
SF:controllers\taskController.js
FN:4,(anonymous_0)
FN:14,(anonymous_1)
FN:25,(anonymous_2)
FN:36,(anonymous_3)
FN:47,(anonymous_4)
FNF:5
FNH:5
FNDA:3,(anonymous_0)
FNDA:4,(anonymous_1)
FNDA:3,(anonymous_2)
FNDA:3,(anonymous_3)
FNDA:4,(anonymous_4)
DA:1,2
DA:4,2
DA:5,3
DA:6,3
DA:7,2
DA:9,1
DA:14,2
DA:15,4
DA:16,4
DA:17,3
DA:18,2
DA:20,1
DA:25,2
DA:26,3
DA:27,3
DA:28,3
DA:29,2
DA:31,1
DA:36,2
DA:37,3
DA:38,3
DA:39,2
DA:40,2
DA:42,1
DA:47,2
DA:48,4
DA:49,4
DA:50,3
DA:51,2
DA:53,1
LF:30
LH:30
BRDA:17,0,0,1
BRDA:17,0,1,2
BRDA:39,1,0,0
BRDA:39,1,1,2
BRDA:50,2,0,1
BRDA:50,2,1,2
BRF:6
BRH:5
end_of_record
TN:
SF:models\Task.js
FNF:0
FNH:0
DA:1,2
DA:3,2
DA:14,2
LF:3
LH:3
BRF:0
BRH:0
end_of_record
TN:
SF:routes\task.js
FNF:0
FNH:0
DA:1,1
DA:2,1
DA:3,1
DA:5,1
DA:6,1
DA:7,1
DA:8,1
DA:9,1
DA:11,1
LF:9
LH:9
BRF:0
BRH:0
end_of_record
